Connecting to database specified by database.yml
  [1m[36m (0.2ms)[0m  [1mselect sqlite_version(*)[0m
  [1m[35m (3.5ms)[0m  CREATE TABLE "schema_migrations" ("version" varchar(255) NOT NULL) 
  [1m[36m (1.4ms)[0m  [1mCREATE UNIQUE INDEX "unique_schema_migrations" ON "schema_migrations" ("version")[0m
  [1m[35m (0.1ms)[0m  SELECT "schema_migrations"."version" FROM "schema_migrations" 
Migrating to CreateProducts (20130206025028)
  [1m[36m (0.1ms)[0m  [1mbegin transaction[0m
  [1m[35m (0.7ms)[0m  CREATE TABLE "products" ("id" INTEGER PRIMARY KEY AUTOINCREMENT NOT NULL, "name" varchar(255), "description" text, "created_at" datetime NOT NULL, "updated_at" datetime NOT NULL) 
  [1m[36m (0.2ms)[0m  [1mINSERT INTO "schema_migrations" ("version") VALUES ('20130206025028')[0m
  [1m[35m (1.1ms)[0m  commit transaction
Migrating to AddPriceToProducts (20130206044257)
  [1m[36m (0.1ms)[0m  [1mbegin transaction[0m
  [1m[35m (0.6ms)[0m  ALTER TABLE "products" ADD "price" integer
  [1m[36m (0.2ms)[0m  [1mINSERT INTO "schema_migrations" ("version") VALUES ('20130206044257')[0m
  [1m[35m (0.9ms)[0m  commit transaction
Migrating to AddImageToProducts (20130206055635)
  [1m[36m (0.1ms)[0m  [1mbegin transaction[0m
  [1m[35m (0.6ms)[0m  ALTER TABLE "products" ADD "image" varchar(255)
  [1m[36m (0.2ms)[0m  [1mINSERT INTO "schema_migrations" ("version") VALUES ('20130206055635')[0m
  [1m[35m (1.0ms)[0m  commit transaction
  [1m[36m (0.2ms)[0m  [1mSELECT "schema_migrations"."version" FROM "schema_migrations" [0m


Started GET "/assets/rails.png" for 127.0.0.1 at 2013-02-06 20:09:58 +0900
Connecting to database specified by database.yml
Served asset /rails.png - 200 OK (10ms)


Started GET "/products" for 127.0.0.1 at 2013-02-06 20:10:06 +0900
Processing by ProductsController#index as HTML
  [1m[36mProduct Load (0.2ms)[0m  [1mSELECT "products".* FROM "products" [0m
  Rendered products/index.html.haml within layouts/application (7.8ms)
Compiled products.css  (97ms)  (pid 7021)
Compiled scaffolds.css  (29ms)  (pid 7021)
Compiled application.css  (156ms)  (pid 7021)
Compiled jquery.js  (57ms)  (pid 7021)
Compiled jquery_ujs.js  (0ms)  (pid 7021)
Compiled products.js  (193ms)  (pid 7021)
Compiled application.js  (384ms)  (pid 7021)
Completed 200 OK in 956ms (Views: 741.7ms | ActiveRecord: 28.8ms)


Started GET "/assets/jquery.js?body=1" for 127.0.0.1 at 2013-02-06 20:10:07 +0900
Served asset /jquery.js - 200 OK (64ms)


Started GET "/assets/scaffolds.css?body=1" for 127.0.0.1 at 2013-02-06 20:10:07 +0900
Served asset /scaffolds.css - 200 OK (7ms)


Started GET "/assets/products.css?body=1" for 127.0.0.1 at 2013-02-06 20:10:07 +0900
Served asset /products.css - 200 OK (3ms)


Started GET "/assets/jquery_ujs.js?body=1" for 127.0.0.1 at 2013-02-06 20:10:07 +0900
Served asset /jquery_ujs.js - 200 OK (5ms)


Started GET "/assets/application.css?body=1" for 127.0.0.1 at 2013-02-06 20:10:07 +0900
Served asset /application.css - 200 OK (8ms)


Started GET "/assets/products.js?body=1" for 127.0.0.1 at 2013-02-06 20:10:07 +0900
Served asset /products.js - 200 OK (10ms)


Started GET "/assets/application.js?body=1" for 127.0.0.1 at 2013-02-06 20:10:07 +0900
Served asset /application.js - 200 OK (21ms)


Started GET "/products/new" for 127.0.0.1 at 2013-02-06 20:10:20 +0900
Processing by ProductsController#new as HTML
  Rendered products/_form.html.haml (26.4ms)
  Rendered products/new.html.haml within layouts/application (50.4ms)
Completed 200 OK in 73ms (Views: 60.3ms | ActiveRecord: 0.0ms)


Started GET "/assets/jquery_ujs.js?body=1" for 127.0.0.1 at 2013-02-06 20:10:21 +0900
Served asset /jquery_ujs.js - 304 Not Modified (0ms)


Started GET "/assets/jquery.js?body=1" for 127.0.0.1 at 2013-02-06 20:10:21 +0900
Served asset /jquery.js - 304 Not Modified (0ms)


Started POST "/products" for 127.0.0.1 at 2013-02-06 20:10:47 +0900
Processing by ProductsController#create as HTML
  Parameters: {"utf8"=>"âœ“", "authenticity_token"=>"QMZUuFIS23d2e8kEQ1Vsv8tlWA5m3mpwzXUD4fRxipw=", "product"=>{"name"=>"pro1", "description"=>"å•†å“ï¼‘", "price"=>"100", "image_cache"=>""}, "commit"=>"Save"}
  [1m[35m (0.2ms)[0m  begin transaction
  [1m[36mProduct Exists (0.3ms)[0m  [1mSELECT 1 AS one FROM "products" WHERE "products"."name" = 'pro1' LIMIT 1[0m
  [1m[35mSQL (9.9ms)[0m  INSERT INTO "products" ("created_at", "description", "image", "name", "price", "updated_at") VALUES (?, ?, ?, ?, ?, ?)  [["created_at", Wed, 06 Feb 2013 11:10:47 UTC +00:00], ["description", "å•†å“ï¼‘"], ["image", nil], ["name", "pro1"], ["price", 100], ["updated_at", Wed, 06 Feb 2013 11:10:47 UTC +00:00]]
  [1m[36m (1.0ms)[0m  [1mcommit transaction[0m
Redirected to http://localhost:3000/products/1
Completed 302 Found in 186ms (ActiveRecord: 11.4ms)


Started GET "/products/1" for 127.0.0.1 at 2013-02-06 20:10:47 +0900
Processing by ProductsController#show as HTML
  Parameters: {"id"=>"1"}
  [1m[35mProduct Load (0.3ms)[0m  SELECT "products".* FROM "products" WHERE "products"."id" = ? LIMIT 1  [["id", "1"]]
  Rendered products/show.html.haml within layouts/application (70.4ms)
Completed 200 OK in 84ms (Views: 80.3ms | ActiveRecord: 0.3ms)


Started GET "/assets/jquery.js?body=1" for 127.0.0.1 at 2013-02-06 20:10:47 +0900
Served asset /jquery.js - 304 Not Modified (0ms)


Started GET "/assets/jquery_ujs.js?body=1" for 127.0.0.1 at 2013-02-06 20:10:47 +0900
Served asset /jquery_ujs.js - 304 Not Modified (0ms)


Started GET "/products" for 127.0.0.1 at 2013-02-06 20:10:50 +0900
Processing by ProductsController#index as HTML
  [1m[36mProduct Load (0.3ms)[0m  [1mSELECT "products".* FROM "products" [0m
  Rendered products/index.html.haml within layouts/application (3.1ms)
Completed 200 OK in 15ms (Views: 13.4ms | ActiveRecord: 0.3ms)


Started GET "/assets/jquery.js?body=1" for 127.0.0.1 at 2013-02-06 20:10:50 +0900
Served asset /jquery.js - 304 Not Modified (0ms)


Started GET "/assets/jquery_ujs.js?body=1" for 127.0.0.1 at 2013-02-06 20:10:50 +0900
Served asset /jquery_ujs.js - 304 Not Modified (0ms)
Connecting to database specified by database.yml
  [1m[36m (0.1ms)[0m  [1mSELECT "schema_migrations"."version" FROM "schema_migrations" [0m
  [1m[35m (0.3ms)[0m  select sqlite_version(*)
  [1m[36m (3.7ms)[0m  [1mCREATE TABLE "products" ("id" INTEGER PRIMARY KEY AUTOINCREMENT NOT NULL, "name" varchar(255), "description" text, "created_at" datetime NOT NULL, "updated_at" datetime NOT NULL, "price" integer, "image" varchar(255)) [0m
  [1m[35m (1.3ms)[0m  CREATE TABLE "schema_migrations" ("version" varchar(255) NOT NULL) 
  [1m[36m (1.4ms)[0m  [1mCREATE UNIQUE INDEX "unique_schema_migrations" ON "schema_migrations" ("version")[0m
  [1m[35m (0.1ms)[0m  SELECT version FROM "schema_migrations"
  [1m[36m (1.4ms)[0m  [1mINSERT INTO "schema_migrations" (version) VALUES ('20130206055635')[0m
  [1m[35m (1.4ms)[0m  INSERT INTO "schema_migrations" (version) VALUES ('20130206025028')
  [1m[36m (1.1ms)[0m  [1mINSERT INTO "schema_migrations" (version) VALUES ('20130206044257')[0m
Connecting to database specified by database.yml
  [1m[36m (0.1ms)[0m  [1mSELECT "schema_migrations"."version" FROM "schema_migrations" [0m
  [1m[35m (0.3ms)[0m  select sqlite_version(*)
  [1m[36m (4.6ms)[0m  [1mCREATE TABLE "products" ("id" INTEGER PRIMARY KEY AUTOINCREMENT NOT NULL, "name" varchar(255), "description" text, "created_at" datetime NOT NULL, "updated_at" datetime NOT NULL, "price" integer, "image" varchar(255)) [0m
  [1m[35m (1.3ms)[0m  CREATE TABLE "schema_migrations" ("version" varchar(255) NOT NULL) 
  [1m[36m (1.4ms)[0m  [1mCREATE UNIQUE INDEX "unique_schema_migrations" ON "schema_migrations" ("version")[0m
  [1m[35m (0.1ms)[0m  SELECT version FROM "schema_migrations"
  [1m[36m (1.3ms)[0m  [1mINSERT INTO "schema_migrations" (version) VALUES ('20130206055635')[0m
  [1m[35m (1.3ms)[0m  INSERT INTO "schema_migrations" (version) VALUES ('20130206025028')
  [1m[36m (1.1ms)[0m  [1mINSERT INTO "schema_migrations" (version) VALUES ('20130206044257')[0m
Connecting to database specified by database.yml
  [1m[36m (0.1ms)[0m  [1mSELECT "schema_migrations"."version" FROM "schema_migrations" [0m
  [1m[35m (0.3ms)[0m  select sqlite_version(*)
  [1m[36m (4.6ms)[0m  [1mCREATE TABLE "products" ("id" INTEGER PRIMARY KEY AUTOINCREMENT NOT NULL, "name" varchar(255), "description" text, "created_at" datetime NOT NULL, "updated_at" datetime NOT NULL, "price" integer, "image" varchar(255)) [0m
  [1m[35m (1.3ms)[0m  CREATE TABLE "schema_migrations" ("version" varchar(255) NOT NULL) 
  [1m[36m (1.3ms)[0m  [1mCREATE UNIQUE INDEX "unique_schema_migrations" ON "schema_migrations" ("version")[0m
  [1m[35m (0.1ms)[0m  SELECT version FROM "schema_migrations"
  [1m[36m (1.2ms)[0m  [1mINSERT INTO "schema_migrations" (version) VALUES ('20130206055635')[0m
  [1m[35m (1.3ms)[0m  INSERT INTO "schema_migrations" (version) VALUES ('20130206025028')
  [1m[36m (1.2ms)[0m  [1mINSERT INTO "schema_migrations" (version) VALUES ('20130206044257')[0m
Connecting to database specified by database.yml
  [1m[36m (0.1ms)[0m  [1mSELECT "schema_migrations"."version" FROM "schema_migrations" [0m
  [1m[35m (0.3ms)[0m  select sqlite_version(*)
  [1m[36m (3.6ms)[0m  [1mCREATE TABLE "products" ("id" INTEGER PRIMARY KEY AUTOINCREMENT NOT NULL, "name" varchar(255), "description" text, "created_at" datetime NOT NULL, "updated_at" datetime NOT NULL, "price" integer, "image" varchar(255)) [0m
  [1m[35m (1.3ms)[0m  CREATE TABLE "schema_migrations" ("version" varchar(255) NOT NULL) 
  [1m[36m (1.3ms)[0m  [1mCREATE UNIQUE INDEX "unique_schema_migrations" ON "schema_migrations" ("version")[0m
  [1m[35m (0.1ms)[0m  SELECT version FROM "schema_migrations"
  [1m[36m (1.2ms)[0m  [1mINSERT INTO "schema_migrations" (version) VALUES ('20130206055635')[0m
  [1m[35m (1.1ms)[0m  INSERT INTO "schema_migrations" (version) VALUES ('20130206025028')
  [1m[36m (1.2ms)[0m  [1mINSERT INTO "schema_migrations" (version) VALUES ('20130206044257')[0m
